Flutter crash report; please file at https://github.com/flutter/flutter/issues.

## command

flutter --no-color run --machine --track-widget-creation --device-id=1A9D7FA7-E29C-4D82-86CF-87AF39295A47 lib/main.dart

## exception

SocketException: SocketException: Write failed (OS Error: Broken pipe, errno = 32), port = 0

```
null```

## flutter doctor

```
[✓] Flutter (Channel stable, v1.7.8+hotfix.3, on Mac OS X 10.14.5 18F2058, locale en-US)
    • Flutter version 1.7.8+hotfix.3 at /Users/palashbista/development/flutter
    • Framework revision b712a172f9 (3 weeks ago), 2019-07-09 13:14:38 -0700
    • Engine revision 54ad777fd2
    • Dart version 2.4.0

[✓] Android toolchain - develop for Android devices (Android SDK version 29.0.1)
    • Android SDK at /Users/palashbista/Library/Android/sdk
    • Android NDK location not configured (optional; useful for native profiling support)
    • Platform android-29, build-tools 29.0.1
    • Java binary at: /Applications/Android Studio.app/Contents/jre/jdk/Contents/Home/bin/java
    • Java version OpenJDK Runtime Environment (build 1.8.0_152-release-1343-b01)
    • All Android licenses accepted.

[✓] Xcode - develop for iOS and macOS (Xcode 10.3)
    • Xcode at /Applications/Xcode.app/Contents/Developer
    • Xcode 10.3, Build version 10G8
    • CocoaPods version 1.7.4

[✓] iOS tools - develop for iOS devices
    • ios-deploy 1.9.4

[✓] Android Studio (version 3.4)
    • Android Studio at /Applications/Android Studio.app/Contents
    • Flutter plugin version 37.0.1
    • Dart plugin version 183.6270
    • Java version OpenJDK Runtime Environment (build 1.8.0_152-release-1343-b01)

[✓] Connected device (1 available)
    • iPhone Xʀ • 1A9D7FA7-E29C-4D82-86CF-87AF39295A47 • ios • com.apple.CoreSimulator.SimRuntime.iOS-12-4 (simulator)

• No issues found!
```
